9/26/2015 8:36:35 AM 1564 Logging started
9/26/2015 8:36:35 AM 1564 Begin Startup
9/26/2015 8:36:35 AM 1564 Chaosauncher 0.5.4.4 on NT 6.1.7601 Service Pack 1 at C:\Users\VictorHS\Desktop\bwapi-master\bwapi-master\Release_Binary\Chaoslauncher\Chaoslauncher.exe
9/26/2015 8:36:35 AM 1564 Load Settings
9/26/2015 8:36:35 AM 1564 GamePath: C:\Users\VictorHS\Documents\victor\Starcraft\
9/26/2015 8:36:35 AM 1564 Load Plugins
9/26/2015 8:36:35 AM 1564 AdvLoaderPluginPath: \Plugins\
9/26/2015 8:36:35 AM 1564 Loading BWL4-Plugin C:\Users\VictorHS\Desktop\bwapi-master\bwapi-master\Release_Binary\Chaoslauncher\iccscbn.icc
9/26/2015 8:36:35 AM 1564 Plugin loaded ICCup
9/26/2015 8:36:35 AM 1564 Loading BWL4-Plugin C:\Users\VictorHS\Desktop\bwapi-master\bwapi-master\Release_Binary\Chaoslauncher\Plugins\APMAlert.bwl
9/26/2015 8:36:35 AM 1564 Plugin loaded APMAlert (1.16.1)
9/26/2015 8:36:35 AM 1564 Loading BWL4-Plugin C:\Users\VictorHS\Desktop\bwapi-master\bwapi-master\Release_Binary\Chaoslauncher\Plugins\BWAPI_PluginInjector.bwl
9/26/2015 8:36:35 AM 1564 Plugin loaded BWAPI 4.1.2 Injector [RELEASE]
9/26/2015 8:36:35 AM 1564 Loading BWL4-Plugin C:\Users\VictorHS\Desktop\bwapi-master\bwapi-master\Release_Binary\Chaoslauncher\Plugins\Chaosplugin.bwl
9/26/2015 8:36:35 AM 1564 Plugin loaded Chaosplugin for 1.16.1
9/26/2015 8:36:35 AM 1564 Loading BWL4-Plugin C:\Users\VictorHS\Desktop\bwapi-master\bwapi-master\Release_Binary\Chaoslauncher\Plugins\LatencyChanger.bwl
9/26/2015 8:36:35 AM 1564 Plugin loaded LatencyChanger for 1.16.1
9/26/2015 8:36:35 AM 1564 Loading BWL4-Plugin C:\Users\VictorHS\Desktop\bwapi-master\bwapi-master\Release_Binary\Chaoslauncher\Plugins\repfix.bwl
9/26/2015 8:36:35 AM 1564 Plugin loaded RepFix
9/26/2015 8:36:35 AM 1564 Loading BWL4-Plugin C:\Users\VictorHS\Desktop\bwapi-master\bwapi-master\Release_Binary\Chaoslauncher\Plugins\RWAPlayer.bwl
9/26/2015 8:36:35 AM 1564 Plugin loaded RWAPlayer (1.16.1)
9/26/2015 8:36:35 AM 1564 Loading BWL4-Plugin C:\Users\VictorHS\Desktop\bwapi-master\bwapi-master\Release_Binary\Chaoslauncher\Plugins\RWARecorder.bwl
9/26/2015 8:36:35 AM 1564 Plugin loaded RWARecorder (1.16.1)
9/26/2015 8:36:35 AM 1564 Loading BWL4-Plugin C:\Users\VictorHS\Desktop\bwapi-master\bwapi-master\Release_Binary\Chaoslauncher\Plugins\Stormplugin.bwl
9/26/2015 8:36:36 AM 1564 Plugin loaded Stormplugin for 1.16.1
9/26/2015 8:36:36 AM 1564 Loading BWL4-Plugin C:\Users\VictorHS\Desktop\bwapi-master\bwapi-master\Release_Binary\Chaoslauncher\Plugins\wmode.bwl
9/26/2015 8:36:36 AM 1564 Plugin loaded W-MODE 1.02
9/26/2015 8:36:36 AM 1564 Load Tools
9/26/2015 8:36:36 AM 1564 Init GUI
9/26/2015 8:36:36 AM 1564 Get Starcraftversions
9/26/2015 8:36:36 AM 1564 Init complete
9/26/2015 8:36:38 AM 1564 Finishing
9/26/2015 8:36:38 AM 1564 Unloading Plugin ICCup
9/26/2015 8:36:38 AM 1564 Unloading Plugin APMAlert (1.16.1)
9/26/2015 8:36:38 AM 1564 Unloading Plugin BWAPI 4.1.2 Injector [RELEASE]
9/26/2015 8:36:38 AM 1564 Unloading Plugin Chaosplugin for 1.16.1
9/26/2015 8:36:38 AM 1564 Unloading Plugin LatencyChanger for 1.16.1
9/26/2015 8:36:38 AM 1564 Unloading Plugin RepFix
9/26/2015 8:36:38 AM 1564 Unloading Plugin RWAPlayer (1.16.1)
9/26/2015 8:36:38 AM 1564 Unloading Plugin RWARecorder (1.16.1)
9/26/2015 8:36:38 AM 1564 Unloading Plugin Stormplugin for 1.16.1
9/26/2015 8:36:38 AM 1564 Unloading Plugin W-MODE 1.02
9/26/2015 8:36:38 AM 1564 Logging ended
